2016-06-26T20:44:22+02:00 ALERT (1): exception 'PDOException' with message 'SQLSTATE[42S02]: Base table or view not found: 1146 Table 'passionist-xyq.AccountType' doesn't exist' in /opt/lampp/htdocs/passionnist/vendor/zendframework/zend-db/src/Adapter/Driver/Pdo/Statement.php:239
Stack trace:
#0 /opt/lampp/htdocs/passionnist/vendor/zendframework/zend-db/src/Adapter/Driver/Pdo/Statement.php(239): PDOStatement->execute()
#1 /opt/lampp/htdocs/passionnist/module/Backend/src/Backend/Mapper/AccountTypeMapper.php(43): Zend\Db\Adapter\Driver\Pdo\Statement->execute()
#2 /opt/lampp/htdocs/passionnist/module/Backend/src/Backend/Service/AccountTypeService.php(38): Backend\Mapper\AccountTypeMapper->findAll()
#3 /opt/lampp/htdocs/passionnist/module/Application/src/Application/Form/Factory/ProfessionnalSignUpFormFactory.php(31): Backend\Service\AccountTypeService->findAll()
#4 /opt/lampp/htdocs/passionnist/module/Application/src/Application/Controller/IndexController.php(319): Application\Form\Factory\ProfessionnalSignUpFormFactory->createProfessionalSignUpForm(Array)
#5 /opt/lampp/htdocs/passionnist/vendor/zendframework/zend-mvc/src/Controller/AbstractActionController.php(82): Application\Controller\IndexController->professionalLandingPageAction()
#6 [internal function]: Zend\Mvc\Controller\AbstractActionController->onDispatch(Object(Zend\Mvc\MvcEvent))
#7 /opt/lampp/htdocs/passionnist/vendor/zendframework/zend-eventmanager/src/EventManager.php(444): call_user_func(Array, Object(Zend\Mvc\MvcEvent))
#8 /opt/lampp/htdocs/passionnist/vendor/zendframework/zend-eventmanager/src/EventManager.php(205): Zend\EventManager\EventManager->triggerListeners('dispatch', Object(Zend\Mvc\MvcEvent), Object(Closure))
#9 /opt/lampp/htdocs/passionnist/vendor/zendframework/zend-mvc/src/Controller/AbstractController.php(118): Zend\EventManager\EventManager->trigger('dispatch', Object(Zend\Mvc\MvcEvent), Object(Closure))
#10 /opt/lampp/htdocs/passionnist/vendor/zendframework/zend-mvc/src/DispatchListener.php(93): Zend\Mvc\Controller\AbstractController->dispatch(Object(Zend\Http\PhpEnvironment\Request), Object(Zend\Http\PhpEnvironment\Response))
#11 [internal function]: Zend\Mvc\DispatchListener->onDispatch(Object(Zend\Mvc\MvcEvent))
#12 /opt/lampp/htdocs/passionnist/vendor/zendframework/zend-eventmanager/src/EventManager.php(444): call_user_func(Array, Object(Zend\Mvc\MvcEvent))
#13 /opt/lampp/htdocs/passionnist/vendor/zendframework/zend-eventmanager/src/EventManager.php(205): Zend\EventManager\EventManager->triggerListeners('dispatch', Object(Zend\Mvc\MvcEvent), Object(Closure))
#14 /opt/lampp/htdocs/passionnist/vendor/zendframework/zend-mvc/src/Application.php(314): Zend\EventManager\EventManager->trigger('dispatch', Object(Zend\Mvc\MvcEvent), Object(Closure))
#15 /opt/lampp/htdocs/passionnist/public/index.php(26): Zend\Mvc\Application->run()
#16 {main}

Next exception 'Zend\Db\Adapter\Exception\InvalidQueryException' with message 'Statement could not be executed (42S02 - 1146 - Table 'passionist-xyq.AccountType' doesn't exist)' in /opt/lampp/htdocs/passionnist/vendor/zendframework/zend-db/src/Adapter/Driver/Pdo/Statement.php:244
Stack trace:
#0 /opt/lampp/htdocs/passionnist/module/Backend/src/Backend/Mapper/AccountTypeMapper.php(43): Zend\Db\Adapter\Driver\Pdo\Statement->execute()
#1 /opt/lampp/htdocs/passionnist/module/Backend/src/Backend/Service/AccountTypeService.php(38): Backend\Mapper\AccountTypeMapper->findAll()
#2 /opt/lampp/htdocs/passionnist/module/Application/src/Application/Form/Factory/ProfessionnalSignUpFormFactory.php(31): Backend\Service\AccountTypeService->findAll()
#3 /opt/lampp/htdocs/passionnist/module/Application/src/Application/Controller/IndexController.php(319): Application\Form\Factory\ProfessionnalSignUpFormFactory->createProfessionalSignUpForm(Array)
#4 /opt/lampp/htdocs/passionnist/vendor/zendframework/zend-mvc/src/Controller/AbstractActionController.php(82): Application\Controller\IndexController->professionalLandingPageAction()
#5 [internal function]: Zend\Mvc\Controller\AbstractActionController->onDispatch(Object(Zend\Mvc\MvcEvent))
#6 /opt/lampp/htdocs/passionnist/vendor/zendframework/zend-eventmanager/src/EventManager.php(444): call_user_func(Array, Object(Zend\Mvc\MvcEvent))
#7 /opt/lampp/htdocs/passionnist/vendor/zendframework/zend-eventmanager/src/EventManager.php(205): Zend\EventManager\EventManager->triggerListeners('dispatch', Object(Zend\Mvc\MvcEvent), Object(Closure))
#8 /opt/lampp/htdocs/passionnist/vendor/zendframework/zend-mvc/src/Controller/AbstractController.php(118): Zend\EventManager\EventManager->trigger('dispatch', Object(Zend\Mvc\MvcEvent), Object(Closure))
#9 /opt/lampp/htdocs/passionnist/vendor/zendframework/zend-mvc/src/DispatchListener.php(93): Zend\Mvc\Controller\AbstractController->dispatch(Object(Zend\Http\PhpEnvironment\Request), Object(Zend\Http\PhpEnvironment\Response))
#10 [internal function]: Zend\Mvc\DispatchListener->onDispatch(Object(Zend\Mvc\MvcEvent))
#11 /opt/lampp/htdocs/passionnist/vendor/zendframework/zend-eventmanager/src/EventManager.php(444): call_user_func(Array, Object(Zend\Mvc\MvcEvent))
#12 /opt/lampp/htdocs/passionnist/vendor/zendframework/zend-eventmanager/src/EventManager.php(205): Zend\EventManager\EventManager->triggerListeners('dispatch', Object(Zend\Mvc\MvcEvent), Object(Closure))
#13 /opt/lampp/htdocs/passionnist/vendor/zendframework/zend-mvc/src/Application.php(314): Zend\EventManager\EventManager->trigger('dispatch', Object(Zend\Mvc\MvcEvent), Object(Closure))
#14 /opt/lampp/htdocs/passionnist/public/index.php(26): Zend\Mvc\Application->run()
#15 {main}

Next exception 'Application\Exception\MapperException' with message 'Erreur lors de la récupération de tous les types de compte' in /opt/lampp/htdocs/passionnist/module/Backend/src/Backend/Mapper/AccountTypeMapper.php:46
Stack trace:
#0 /opt/lampp/htdocs/passionnist/module/Backend/src/Backend/Service/AccountTypeService.php(38): Backend\Mapper\AccountTypeMapper->findAll()
#1 /opt/lampp/htdocs/passionnist/module/Application/src/Application/Form/Factory/ProfessionnalSignUpFormFactory.php(31): Backend\Service\AccountTypeService->findAll()
#2 /opt/lampp/htdocs/passionnist/module/Application/src/Application/Controller/IndexController.php(319): Application\Form\Factory\ProfessionnalSignUpFormFactory->createProfessionalSignUpForm(Array)
#3 /opt/lampp/htdocs/passionnist/vendor/zendframework/zend-mvc/src/Controller/AbstractActionController.php(82): Application\Controller\IndexController->professionalLandingPageAction()
#4 [internal function]: Zend\Mvc\Controller\AbstractActionController->onDispatch(Object(Zend\Mvc\MvcEvent))
#5 /opt/lampp/htdocs/passionnist/vendor/zendframework/zend-eventmanager/src/EventManager.php(444): call_user_func(Array, Object(Zend\Mvc\MvcEvent))
#6 /opt/lampp/htdocs/passionnist/vendor/zendframework/zend-eventmanager/src/EventManager.php(205): Zend\EventManager\EventManager->triggerListeners('dispatch', Object(Zend\Mvc\MvcEvent), Object(Closure))
#7 /opt/lampp/htdocs/passionnist/vendor/zendframework/zend-mvc/src/Controller/AbstractController.php(118): Zend\EventManager\EventManager->trigger('dispatch', Object(Zend\Mvc\MvcEvent), Object(Closure))
#8 /opt/lampp/htdocs/passionnist/vendor/zendframework/zend-mvc/src/DispatchListener.php(93): Zend\Mvc\Controller\AbstractController->dispatch(Object(Zend\Http\PhpEnvironment\Request), Object(Zend\Http\PhpEnvironment\Response))
#9 [internal function]: Zend\Mvc\DispatchListener->onDispatch(Object(Zend\Mvc\MvcEvent))
#10 /opt/lampp/htdocs/passionnist/vendor/zendframework/zend-eventmanager/src/EventManager.php(444): call_user_func(Array, Object(Zend\Mvc\MvcEvent))
#11 /opt/lampp/htdocs/passionnist/vendor/zendframework/zend-eventmanager/src/EventManager.php(205): Zend\EventManager\EventManager->triggerListeners('dispatch', Object(Zend\Mvc\MvcEvent), Object(Closure))
#12 /opt/lampp/htdocs/passionnist/vendor/zendframework/zend-mvc/src/Application.php(314): Zend\EventManager\EventManager->trigger('dispatch', Object(Zend\Mvc\MvcEvent), Object(Closure))
#13 /opt/lampp/htdocs/passionnist/public/index.php(26): Zend\Mvc\Application->run()
#14 {main}
2016-06-26T20:46:11+02:00 ALERT (1): exception 'PDOException' with message 'SQLSTATE[42S02]: Base table or view not found: 1146 Table 'passionist-xyq.AccountType' doesn't exist' in /opt/lampp/htdocs/passionnist/vendor/zendframework/zend-db/src/Adapter/Driver/Pdo/Statement.php:239
Stack trace:
#0 /opt/lampp/htdocs/passionnist/vendor/zendframework/zend-db/src/Adapter/Driver/Pdo/Statement.php(239): PDOStatement->execute()
#1 /opt/lampp/htdocs/passionnist/module/Backend/src/Backend/Mapper/AccountTypeMapper.php(43): Zend\Db\Adapter\Driver\Pdo\Statement->execute()
#2 /opt/lampp/htdocs/passionnist/module/Backend/src/Backend/Service/AccountTypeService.php(38): Backend\Mapper\AccountTypeMapper->findAll()
#3 /opt/lampp/htdocs/passionnist/module/Application/src/Application/Form/Factory/ProfessionnalSignUpFormFactory.php(31): Backend\Service\AccountTypeService->findAll()
#4 /opt/lampp/htdocs/passionnist/module/Application/src/Application/Controller/IndexController.php(319): Application\Form\Factory\ProfessionnalSignUpFormFactory->createProfessionalSignUpForm(Array)
#5 /opt/lampp/htdocs/passionnist/vendor/zendframework/zend-mvc/src/Controller/AbstractActionController.php(82): Application\Controller\IndexController->professionalLandingPageAction()
#6 [internal function]: Zend\Mvc\Controller\AbstractActionController->onDispatch(Object(Zend\Mvc\MvcEvent))
#7 /opt/lampp/htdocs/passionnist/vendor/zendframework/zend-eventmanager/src/EventManager.php(444): call_user_func(Array, Object(Zend\Mvc\MvcEvent))
#8 /opt/lampp/htdocs/passionnist/vendor/zendframework/zend-eventmanager/src/EventManager.php(205): Zend\EventManager\EventManager->triggerListeners('dispatch', Object(Zend\Mvc\MvcEvent), Object(Closure))
#9 /opt/lampp/htdocs/passionnist/vendor/zendframework/zend-mvc/src/Controller/AbstractController.php(118): Zend\EventManager\EventManager->trigger('dispatch', Object(Zend\Mvc\MvcEvent), Object(Closure))
#10 /opt/lampp/htdocs/passionnist/vendor/zendframework/zend-mvc/src/DispatchListener.php(93): Zend\Mvc\Controller\AbstractController->dispatch(Object(Zend\Http\PhpEnvironment\Request), Object(Zend\Http\PhpEnvironment\Response))
#11 [internal function]: Zend\Mvc\DispatchListener->onDispatch(Object(Zend\Mvc\MvcEvent))
#12 /opt/lampp/htdocs/passionnist/vendor/zendframework/zend-eventmanager/src/EventManager.php(444): call_user_func(Array, Object(Zend\Mvc\MvcEvent))
#13 /opt/lampp/htdocs/passionnist/vendor/zendframework/zend-eventmanager/src/EventManager.php(205): Zend\EventManager\EventManager->triggerListeners('dispatch', Object(Zend\Mvc\MvcEvent), Object(Closure))
#14 /opt/lampp/htdocs/passionnist/vendor/zendframework/zend-mvc/src/Application.php(314): Zend\EventManager\EventManager->trigger('dispatch', Object(Zend\Mvc\MvcEvent), Object(Closure))
#15 /opt/lampp/htdocs/passionnist/public/index.php(26): Zend\Mvc\Application->run()
#16 {main}

Next exception 'Zend\Db\Adapter\Exception\InvalidQueryException' with message 'Statement could not be executed (42S02 - 1146 - Table 'passionist-xyq.AccountType' doesn't exist)' in /opt/lampp/htdocs/passionnist/vendor/zendframework/zend-db/src/Adapter/Driver/Pdo/Statement.php:244
Stack trace:
#0 /opt/lampp/htdocs/passionnist/module/Backend/src/Backend/Mapper/AccountTypeMapper.php(43): Zend\Db\Adapter\Driver\Pdo\Statement->execute()
#1 /opt/lampp/htdocs/passionnist/module/Backend/src/Backend/Service/AccountTypeService.php(38): Backend\Mapper\AccountTypeMapper->findAll()
#2 /opt/lampp/htdocs/passionnist/module/Application/src/Application/Form/Factory/ProfessionnalSignUpFormFactory.php(31): Backend\Service\AccountTypeService->findAll()
#3 /opt/lampp/htdocs/passionnist/module/Application/src/Application/Controller/IndexController.php(319): Application\Form\Factory\ProfessionnalSignUpFormFactory->createProfessionalSignUpForm(Array)
#4 /opt/lampp/htdocs/passionnist/vendor/zendframework/zend-mvc/src/Controller/AbstractActionController.php(82): Application\Controller\IndexController->professionalLandingPageAction()
#5 [internal function]: Zend\Mvc\Controller\AbstractActionController->onDispatch(Object(Zend\Mvc\MvcEvent))
#6 /opt/lampp/htdocs/passionnist/vendor/zendframework/zend-eventmanager/src/EventManager.php(444): call_user_func(Array, Object(Zend\Mvc\MvcEvent))
#7 /opt/lampp/htdocs/passionnist/vendor/zendframework/zend-eventmanager/src/EventManager.php(205): Zend\EventManager\EventManager->triggerListeners('dispatch', Object(Zend\Mvc\MvcEvent), Object(Closure))
#8 /opt/lampp/htdocs/passionnist/vendor/zendframework/zend-mvc/src/Controller/AbstractController.php(118): Zend\EventManager\EventManager->trigger('dispatch', Object(Zend\Mvc\MvcEvent), Object(Closure))
#9 /opt/lampp/htdocs/passionnist/vendor/zendframework/zend-mvc/src/DispatchListener.php(93): Zend\Mvc\Controller\AbstractController->dispatch(Object(Zend\Http\PhpEnvironment\Request), Object(Zend\Http\PhpEnvironment\Response))
#10 [internal function]: Zend\Mvc\DispatchListener->onDispatch(Object(Zend\Mvc\MvcEvent))
#11 /opt/lampp/htdocs/passionnist/vendor/zendframework/zend-eventmanager/src/EventManager.php(444): call_user_func(Array, Object(Zend\Mvc\MvcEvent))
#12 /opt/lampp/htdocs/passionnist/vendor/zendframework/zend-eventmanager/src/EventManager.php(205): Zend\EventManager\EventManager->triggerListeners('dispatch', Object(Zend\Mvc\MvcEvent), Object(Closure))
#13 /opt/lampp/htdocs/passionnist/vendor/zendframework/zend-mvc/src/Application.php(314): Zend\EventManager\EventManager->trigger('dispatch', Object(Zend\Mvc\MvcEvent), Object(Closure))
#14 /opt/lampp/htdocs/passionnist/public/index.php(26): Zend\Mvc\Application->run()
#15 {main}

Next exception 'Application\Exception\MapperException' with message 'Erreur lors de la récupération de tous les types de compte' in /opt/lampp/htdocs/passionnist/module/Backend/src/Backend/Mapper/AccountTypeMapper.php:46
Stack trace:
#0 /opt/lampp/htdocs/passionnist/module/Backend/src/Backend/Service/AccountTypeService.php(38): Backend\Mapper\AccountTypeMapper->findAll()
#1 /opt/lampp/htdocs/passionnist/module/Application/src/Application/Form/Factory/ProfessionnalSignUpFormFactory.php(31): Backend\Service\AccountTypeService->findAll()
#2 /opt/lampp/htdocs/passionnist/module/Application/src/Application/Controller/IndexController.php(319): Application\Form\Factory\ProfessionnalSignUpFormFactory->createProfessionalSignUpForm(Array)
#3 /opt/lampp/htdocs/passionnist/vendor/zendframework/zend-mvc/src/Controller/AbstractActionController.php(82): Application\Controller\IndexController->professionalLandingPageAction()
#4 [internal function]: Zend\Mvc\Controller\AbstractActionController->onDispatch(Object(Zend\Mvc\MvcEvent))
#5 /opt/lampp/htdocs/passionnist/vendor/zendframework/zend-eventmanager/src/EventManager.php(444): call_user_func(Array, Object(Zend\Mvc\MvcEvent))
#6 /opt/lampp/htdocs/passionnist/vendor/zendframework/zend-eventmanager/src/EventManager.php(205): Zend\EventManager\EventManager->triggerListeners('dispatch', Object(Zend\Mvc\MvcEvent), Object(Closure))
#7 /opt/lampp/htdocs/passionnist/vendor/zendframework/zend-mvc/src/Controller/AbstractController.php(118): Zend\EventManager\EventManager->trigger('dispatch', Object(Zend\Mvc\MvcEvent), Object(Closure))
#8 /opt/lampp/htdocs/passionnist/vendor/zendframework/zend-mvc/src/DispatchListener.php(93): Zend\Mvc\Controller\AbstractController->dispatch(Object(Zend\Http\PhpEnvironment\Request), Object(Zend\Http\PhpEnvironment\Response))
#9 [internal function]: Zend\Mvc\DispatchListener->onDispatch(Object(Zend\Mvc\MvcEvent))
#10 /opt/lampp/htdocs/passionnist/vendor/zendframework/zend-eventmanager/src/EventManager.php(444): call_user_func(Array, Object(Zend\Mvc\MvcEvent))
#11 /opt/lampp/htdocs/passionnist/vendor/zendframework/zend-eventmanager/src/EventManager.php(205): Zend\EventManager\EventManager->triggerListeners('dispatch', Object(Zend\Mvc\MvcEvent), Object(Closure))
#12 /opt/lampp/htdocs/passionnist/vendor/zendframework/zend-mvc/src/Application.php(314): Zend\EventManager\EventManager->trigger('dispatch', Object(Zend\Mvc\MvcEvent), Object(Closure))
#13 /opt/lampp/htdocs/passionnist/public/index.php(26): Zend\Mvc\Application->run()
#14 {main}
2016-06-26T20:47:14+02:00 ALERT (1): exception 'PDOException' with message 'SQLSTATE[42S02]: Base table or view not found: 1146 Table 'passionist-xyq.AccountType' doesn't exist' in /opt/lampp/htdocs/passionnist/vendor/zendframework/zend-db/src/Adapter/Driver/Pdo/Statement.php:239
Stack trace:
#0 /opt/lampp/htdocs/passionnist/vendor/zendframework/zend-db/src/Adapter/Driver/Pdo/Statement.php(239): PDOStatement->execute()
#1 /opt/lampp/htdocs/passionnist/module/Backend/src/Backend/Mapper/AccountTypeMapper.php(43): Zend\Db\Adapter\Driver\Pdo\Statement->execute()
#2 /opt/lampp/htdocs/passionnist/module/Backend/src/Backend/Service/AccountTypeService.php(38): Backend\Mapper\AccountTypeMapper->findAll()
#3 /opt/lampp/htdocs/passionnist/module/Application/src/Application/Form/Factory/ProfessionnalSignUpFormFactory.php(31): Backend\Service\AccountTypeService->findAll()
#4 /opt/lampp/htdocs/passionnist/module/Application/src/Application/Controller/IndexController.php(319): Application\Form\Factory\ProfessionnalSignUpFormFactory->createProfessionalSignUpForm(Array)
#5 /opt/lampp/htdocs/passionnist/vendor/zendframework/zend-mvc/src/Controller/AbstractActionController.php(82): Application\Controller\IndexController->professionalLandingPageAction()
#6 [internal function]: Zend\Mvc\Controller\AbstractActionController->onDispatch(Object(Zend\Mvc\MvcEvent))
#7 /opt/lampp/htdocs/passionnist/vendor/zendframework/zend-eventmanager/src/EventManager.php(444): call_user_func(Array, Object(Zend\Mvc\MvcEvent))
#8 /opt/lampp/htdocs/passionnist/vendor/zendframework/zend-eventmanager/src/EventManager.php(205): Zend\EventManager\EventManager->triggerListeners('dispatch', Object(Zend\Mvc\MvcEvent), Object(Closure))
#9 /opt/lampp/htdocs/passionnist/vendor/zendframework/zend-mvc/src/Controller/AbstractController.php(118): Zend\EventManager\EventManager->trigger('dispatch', Object(Zend\Mvc\MvcEvent), Object(Closure))
#10 /opt/lampp/htdocs/passionnist/vendor/zendframework/zend-mvc/src/DispatchListener.php(93): Zend\Mvc\Controller\AbstractController->dispatch(Object(Zend\Http\PhpEnvironment\Request), Object(Zend\Http\PhpEnvironment\Response))
#11 [internal function]: Zend\Mvc\DispatchListener->onDispatch(Object(Zend\Mvc\MvcEvent))
#12 /opt/lampp/htdocs/passionnist/vendor/zendframework/zend-eventmanager/src/EventManager.php(444): call_user_func(Array, Object(Zend\Mvc\MvcEvent))
#13 /opt/lampp/htdocs/passionnist/vendor/zendframework/zend-eventmanager/src/EventManager.php(205): Zend\EventManager\EventManager->triggerListeners('dispatch', Object(Zend\Mvc\MvcEvent), Object(Closure))
#14 /opt/lampp/htdocs/passionnist/vendor/zendframework/zend-mvc/src/Application.php(314): Zend\EventManager\EventManager->trigger('dispatch', Object(Zend\Mvc\MvcEvent), Object(Closure))
#15 /opt/lampp/htdocs/passionnist/public/index.php(26): Zend\Mvc\Application->run()
#16 {main}

Next exception 'Zend\Db\Adapter\Exception\InvalidQueryException' with message 'Statement could not be executed (42S02 - 1146 - Table 'passionist-xyq.AccountType' doesn't exist)' in /opt/lampp/htdocs/passionnist/vendor/zendframework/zend-db/src/Adapter/Driver/Pdo/Statement.php:244
Stack trace:
#0 /opt/lampp/htdocs/passionnist/module/Backend/src/Backend/Mapper/AccountTypeMapper.php(43): Zend\Db\Adapter\Driver\Pdo\Statement->execute()
#1 /opt/lampp/htdocs/passionnist/module/Backend/src/Backend/Service/AccountTypeService.php(38): Backend\Mapper\AccountTypeMapper->findAll()
#2 /opt/lampp/htdocs/passionnist/module/Application/src/Application/Form/Factory/ProfessionnalSignUpFormFactory.php(31): Backend\Service\AccountTypeService->findAll()
#3 /opt/lampp/htdocs/passionnist/module/Application/src/Application/Controller/IndexController.php(319): Application\Form\Factory\ProfessionnalSignUpFormFactory->createProfessionalSignUpForm(Array)
#4 /opt/lampp/htdocs/passionnist/vendor/zendframework/zend-mvc/src/Controller/AbstractActionController.php(82): Application\Controller\IndexController->professionalLandingPageAction()
#5 [internal function]: Zend\Mvc\Controller\AbstractActionController->onDispatch(Object(Zend\Mvc\MvcEvent))
#6 /opt/lampp/htdocs/passionnist/vendor/zendframework/zend-eventmanager/src/EventManager.php(444): call_user_func(Array, Object(Zend\Mvc\MvcEvent))
#7 /opt/lampp/htdocs/passionnist/vendor/zendframework/zend-eventmanager/src/EventManager.php(205): Zend\EventManager\EventManager->triggerListeners('dispatch', Object(Zend\Mvc\MvcEvent), Object(Closure))
#8 /opt/lampp/htdocs/passionnist/vendor/zendframework/zend-mvc/src/Controller/AbstractController.php(118): Zend\EventManager\EventManager->trigger('dispatch', Object(Zend\Mvc\MvcEvent), Object(Closure))
#9 /opt/lampp/htdocs/passionnist/vendor/zendframework/zend-mvc/src/DispatchListener.php(93): Zend\Mvc\Controller\AbstractController->dispatch(Object(Zend\Http\PhpEnvironment\Request), Object(Zend\Http\PhpEnvironment\Response))
#10 [internal function]: Zend\Mvc\DispatchListener->onDispatch(Object(Zend\Mvc\MvcEvent))
#11 /opt/lampp/htdocs/passionnist/vendor/zendframework/zend-eventmanager/src/EventManager.php(444): call_user_func(Array, Object(Zend\Mvc\MvcEvent))
#12 /opt/lampp/htdocs/passionnist/vendor/zendframework/zend-eventmanager/src/EventManager.php(205): Zend\EventManager\EventManager->triggerListeners('dispatch', Object(Zend\Mvc\MvcEvent), Object(Closure))
#13 /opt/lampp/htdocs/passionnist/vendor/zendframework/zend-mvc/src/Application.php(314): Zend\EventManager\EventManager->trigger('dispatch', Object(Zend\Mvc\MvcEvent), Object(Closure))
#14 /opt/lampp/htdocs/passionnist/public/index.php(26): Zend\Mvc\Application->run()
#15 {main}

Next exception 'Application\Exception\MapperException' with message 'Erreur lors de la récupération de tous les types de compte' in /opt/lampp/htdocs/passionnist/module/Backend/src/Backend/Mapper/AccountTypeMapper.php:46
Stack trace:
#0 /opt/lampp/htdocs/passionnist/module/Backend/src/Backend/Service/AccountTypeService.php(38): Backend\Mapper\AccountTypeMapper->findAll()
#1 /opt/lampp/htdocs/passionnist/module/Application/src/Application/Form/Factory/ProfessionnalSignUpFormFactory.php(31): Backend\Service\AccountTypeService->findAll()
#2 /opt/lampp/htdocs/passionnist/module/Application/src/Application/Controller/IndexController.php(319): Application\Form\Factory\ProfessionnalSignUpFormFactory->createProfessionalSignUpForm(Array)
#3 /opt/lampp/htdocs/passionnist/vendor/zendframework/zend-mvc/src/Controller/AbstractActionController.php(82): Application\Controller\IndexController->professionalLandingPageAction()
#4 [internal function]: Zend\Mvc\Controller\AbstractActionController->onDispatch(Object(Zend\Mvc\MvcEvent))
#5 /opt/lampp/htdocs/passionnist/vendor/zendframework/zend-eventmanager/src/EventManager.php(444): call_user_func(Array, Object(Zend\Mvc\MvcEvent))
#6 /opt/lampp/htdocs/passionnist/vendor/zendframework/zend-eventmanager/src/EventManager.php(205): Zend\EventManager\EventManager->triggerListeners('dispatch', Object(Zend\Mvc\MvcEvent), Object(Closure))
#7 /opt/lampp/htdocs/passionnist/vendor/zendframework/zend-mvc/src/Controller/AbstractController.php(118): Zend\EventManager\EventManager->trigger('dispatch', Object(Zend\Mvc\MvcEvent), Object(Closure))
#8 /opt/lampp/htdocs/passionnist/vendor/zendframework/zend-mvc/src/DispatchListener.php(93): Zend\Mvc\Controller\AbstractController->dispatch(Object(Zend\Http\PhpEnvironment\Request), Object(Zend\Http\PhpEnvironment\Response))
#9 [internal function]: Zend\Mvc\DispatchListener->onDispatch(Object(Zend\Mvc\MvcEvent))
#10 /opt/lampp/htdocs/passionnist/vendor/zendframework/zend-eventmanager/src/EventManager.php(444): call_user_func(Array, Object(Zend\Mvc\MvcEvent))
#11 /opt/lampp/htdocs/passionnist/vendor/zendframework/zend-eventmanager/src/EventManager.php(205): Zend\EventManager\EventManager->triggerListeners('dispatch', Object(Zend\Mvc\MvcEvent), Object(Closure))
#12 /opt/lampp/htdocs/passionnist/vendor/zendframework/zend-mvc/src/Application.php(314): Zend\EventManager\EventManager->trigger('dispatch', Object(Zend\Mvc\MvcEvent), Object(Closure))
#13 /opt/lampp/htdocs/passionnist/public/index.php(26): Zend\Mvc\Application->run()
#14 {main}
2016-06-26T20:48:12+02:00 ALERT (1): exception 'PDOException' with message 'SQLSTATE[42S02]: Base table or view not found: 1146 Table 'passionist-xyq.AccountType' doesn't exist' in /opt/lampp/htdocs/passionnist/vendor/zendframework/zend-db/src/Adapter/Driver/Pdo/Statement.php:239
Stack trace:
#0 /opt/lampp/htdocs/passionnist/vendor/zendframework/zend-db/src/Adapter/Driver/Pdo/Statement.php(239): PDOStatement->execute()
#1 /opt/lampp/htdocs/passionnist/module/Backend/src/Backend/Mapper/AccountTypeMapper.php(43): Zend\Db\Adapter\Driver\Pdo\Statement->execute()
#2 /opt/lampp/htdocs/passionnist/module/Backend/src/Backend/Service/AccountTypeService.php(38): Backend\Mapper\AccountTypeMapper->findAll()
#3 /opt/lampp/htdocs/passionnist/module/Application/src/Application/Form/Factory/ProfessionnalSignUpFormFactory.php(31): Backend\Service\AccountTypeService->findAll()
#4 /opt/lampp/htdocs/passionnist/module/Application/src/Application/Controller/IndexController.php(319): Application\Form\Factory\ProfessionnalSignUpFormFactory->createProfessionalSignUpForm(Array)
#5 /opt/lampp/htdocs/passionnist/vendor/zendframework/zend-mvc/src/Controller/AbstractActionController.php(82): Application\Controller\IndexController->professionalLandingPageAction()
#6 [internal function]: Zend\Mvc\Controller\AbstractActionController->onDispatch(Object(Zend\Mvc\MvcEvent))
#7 /opt/lampp/htdocs/passionnist/vendor/zendframework/zend-eventmanager/src/EventManager.php(444): call_user_func(Array, Object(Zend\Mvc\MvcEvent))
#8 /opt/lampp/htdocs/passionnist/vendor/zendframework/zend-eventmanager/src/EventManager.php(205): Zend\EventManager\EventManager->triggerListeners('dispatch', Object(Zend\Mvc\MvcEvent), Object(Closure))
#9 /opt/lampp/htdocs/passionnist/vendor/zendframework/zend-mvc/src/Controller/AbstractController.php(118): Zend\EventManager\EventManager->trigger('dispatch', Object(Zend\Mvc\MvcEvent), Object(Closure))
#10 /opt/lampp/htdocs/passionnist/vendor/zendframework/zend-mvc/src/DispatchListener.php(93): Zend\Mvc\Controller\AbstractController->dispatch(Object(Zend\Http\PhpEnvironment\Request), Object(Zend\Http\PhpEnvironment\Response))
#11 [internal function]: Zend\Mvc\DispatchListener->onDispatch(Object(Zend\Mvc\MvcEvent))
#12 /opt/lampp/htdocs/passionnist/vendor/zendframework/zend-eventmanager/src/EventManager.php(444): call_user_func(Array, Object(Zend\Mvc\MvcEvent))
#13 /opt/lampp/htdocs/passionnist/vendor/zendframework/zend-eventmanager/src/EventManager.php(205): Zend\EventManager\EventManager->triggerListeners('dispatch', Object(Zend\Mvc\MvcEvent), Object(Closure))
#14 /opt/lampp/htdocs/passionnist/vendor/zendframework/zend-mvc/src/Application.php(314): Zend\EventManager\EventManager->trigger('dispatch', Object(Zend\Mvc\MvcEvent), Object(Closure))
#15 /opt/lampp/htdocs/passionnist/public/index.php(26): Zend\Mvc\Application->run()
#16 {main}

Next exception 'Zend\Db\Adapter\Exception\InvalidQueryException' with message 'Statement could not be executed (42S02 - 1146 - Table 'passionist-xyq.AccountType' doesn't exist)' in /opt/lampp/htdocs/passionnist/vendor/zendframework/zend-db/src/Adapter/Driver/Pdo/Statement.php:244
Stack trace:
#0 /opt/lampp/htdocs/passionnist/module/Backend/src/Backend/Mapper/AccountTypeMapper.php(43): Zend\Db\Adapter\Driver\Pdo\Statement->execute()
#1 /opt/lampp/htdocs/passionnist/module/Backend/src/Backend/Service/AccountTypeService.php(38): Backend\Mapper\AccountTypeMapper->findAll()
#2 /opt/lampp/htdocs/passionnist/module/Application/src/Application/Form/Factory/ProfessionnalSignUpFormFactory.php(31): Backend\Service\AccountTypeService->findAll()
#3 /opt/lampp/htdocs/passionnist/module/Application/src/Application/Controller/IndexController.php(319): Application\Form\Factory\ProfessionnalSignUpFormFactory->createProfessionalSignUpForm(Array)
#4 /opt/lampp/htdocs/passionnist/vendor/zendframework/zend-mvc/src/Controller/AbstractActionController.php(82): Application\Controller\IndexController->professionalLandingPageAction()
#5 [internal function]: Zend\Mvc\Controller\AbstractActionController->onDispatch(Object(Zend\Mvc\MvcEvent))
#6 /opt/lampp/htdocs/passionnist/vendor/zendframework/zend-eventmanager/src/EventManager.php(444): call_user_func(Array, Object(Zend\Mvc\MvcEvent))
#7 /opt/lampp/htdocs/passionnist/vendor/zendframework/zend-eventmanager/src/EventManager.php(205): Zend\EventManager\EventManager->triggerListeners('dispatch', Object(Zend\Mvc\MvcEvent), Object(Closure))
#8 /opt/lampp/htdocs/passionnist/vendor/zendframework/zend-mvc/src/Controller/AbstractController.php(118): Zend\EventManager\EventManager->trigger('dispatch', Object(Zend\Mvc\MvcEvent), Object(Closure))
#9 /opt/lampp/htdocs/passionnist/vendor/zendframework/zend-mvc/src/DispatchListener.php(93): Zend\Mvc\Controller\AbstractController->dispatch(Object(Zend\Http\PhpEnvironment\Request), Object(Zend\Http\PhpEnvironment\Response))
#10 [internal function]: Zend\Mvc\DispatchListener->onDispatch(Object(Zend\Mvc\MvcEvent))
#11 /opt/lampp/htdocs/passionnist/vendor/zendframework/zend-eventmanager/src/EventManager.php(444): call_user_func(Array, Object(Zend\Mvc\MvcEvent))
#12 /opt/lampp/htdocs/passionnist/vendor/zendframework/zend-eventmanager/src/EventManager.php(205): Zend\EventManager\EventManager->triggerListeners('dispatch', Object(Zend\Mvc\MvcEvent), Object(Closure))
#13 /opt/lampp/htdocs/passionnist/vendor/zendframework/zend-mvc/src/Application.php(314): Zend\EventManager\EventManager->trigger('dispatch', Object(Zend\Mvc\MvcEvent), Object(Closure))
#14 /opt/lampp/htdocs/passionnist/public/index.php(26): Zend\Mvc\Application->run()
#15 {main}

Next exception 'Application\Exception\MapperException' with message 'Erreur lors de la récupération de tous les types de compte' in /opt/lampp/htdocs/passionnist/module/Backend/src/Backend/Mapper/AccountTypeMapper.php:46
Stack trace:
#0 /opt/lampp/htdocs/passionnist/module/Backend/src/Backend/Service/AccountTypeService.php(38): Backend\Mapper\AccountTypeMapper->findAll()
#1 /opt/lampp/htdocs/passionnist/module/Application/src/Application/Form/Factory/ProfessionnalSignUpFormFactory.php(31): Backend\Service\AccountTypeService->findAll()
#2 /opt/lampp/htdocs/passionnist/module/Application/src/Application/Controller/IndexController.php(319): Application\Form\Factory\ProfessionnalSignUpFormFactory->createProfessionalSignUpForm(Array)
#3 /opt/lampp/htdocs/passionnist/vendor/zendframework/zend-mvc/src/Controller/AbstractActionController.php(82): Application\Controller\IndexController->professionalLandingPageAction()
#4 [internal function]: Zend\Mvc\Controller\AbstractActionController->onDispatch(Object(Zend\Mvc\MvcEvent))
#5 /opt/lampp/htdocs/passionnist/vendor/zendframework/zend-eventmanager/src/EventManager.php(444): call_user_func(Array, Object(Zend\Mvc\MvcEvent))
#6 /opt/lampp/htdocs/passionnist/vendor/zendframework/zend-eventmanager/src/EventManager.php(205): Zend\EventManager\EventManager->triggerListeners('dispatch', Object(Zend\Mvc\MvcEvent), Object(Closure))
#7 /opt/lampp/htdocs/passionnist/vendor/zendframework/zend-mvc/src/Controller/AbstractController.php(118): Zend\EventManager\EventManager->trigger('dispatch', Object(Zend\Mvc\MvcEvent), Object(Closure))
#8 /opt/lampp/htdocs/passionnist/vendor/zendframework/zend-mvc/src/DispatchListener.php(93): Zend\Mvc\Controller\AbstractController->dispatch(Object(Zend\Http\PhpEnvironment\Request), Object(Zend\Http\PhpEnvironment\Response))
#9 [internal function]: Zend\Mvc\DispatchListener->onDispatch(Object(Zend\Mvc\MvcEvent))
#10 /opt/lampp/htdocs/passionnist/vendor/zendframework/zend-eventmanager/src/EventManager.php(444): call_user_func(Array, Object(Zend\Mvc\MvcEvent))
#11 /opt/lampp/htdocs/passionnist/vendor/zendframework/zend-eventmanager/src/EventManager.php(205): Zend\EventManager\EventManager->triggerListeners('dispatch', Object(Zend\Mvc\MvcEvent), Object(Closure))
#12 /opt/lampp/htdocs/passionnist/vendor/zendframework/zend-mvc/src/Application.php(314): Zend\EventManager\EventManager->trigger('dispatch', Object(Zend\Mvc\MvcEvent), Object(Closure))
#13 /opt/lampp/htdocs/passionnist/public/index.php(26): Zend\Mvc\Application->run()
#14 {main}
2016-06-26T20:52:49+02:00 ALERT (1): exception 'PDOException' with message 'SQLSTATE[42S02]: Base table or view not found: 1146 Table 'passionist-xyq.AccountType' doesn't exist' in /opt/lampp/htdocs/passionnist/vendor/zendframework/zend-db/src/Adapter/Driver/Pdo/Statement.php:239
Stack trace:
#0 /opt/lampp/htdocs/passionnist/vendor/zendframework/zend-db/src/Adapter/Driver/Pdo/Statement.php(239): PDOStatement->execute()
#1 /opt/lampp/htdocs/passionnist/module/Backend/src/Backend/Mapper/AccountTypeMapper.php(43): Zend\Db\Adapter\Driver\Pdo\Statement->execute()
#2 /opt/lampp/htdocs/passionnist/module/Backend/src/Backend/Service/AccountTypeService.php(38): Backend\Mapper\AccountTypeMapper->findAll()
#3 /opt/lampp/htdocs/passionnist/module/Application/src/Application/Form/Factory/ProfessionnalSignUpFormFactory.php(31): Backend\Service\AccountTypeService->findAll()
#4 /opt/lampp/htdocs/passionnist/module/Application/src/Application/Controller/IndexController.php(319): Application\Form\Factory\ProfessionnalSignUpFormFactory->createProfessionalSignUpForm(Array)
#5 /opt/lampp/htdocs/passionnist/vendor/zendframework/zend-mvc/src/Controller/AbstractActionController.php(82): Application\Controller\IndexController->professionalLandingPageAction()
#6 [internal function]: Zend\Mvc\Controller\AbstractActionController->onDispatch(Object(Zend\Mvc\MvcEvent))
#7 /opt/lampp/htdocs/passionnist/vendor/zendframework/zend-eventmanager/src/EventManager.php(444): call_user_func(Array, Object(Zend\Mvc\MvcEvent))
#8 /opt/lampp/htdocs/passionnist/vendor/zendframework/zend-eventmanager/src/EventManager.php(205): Zend\EventManager\EventManager->triggerListeners('dispatch', Object(Zend\Mvc\MvcEvent), Object(Closure))
#9 /opt/lampp/htdocs/passionnist/vendor/zendframework/zend-mvc/src/Controller/AbstractController.php(118): Zend\EventManager\EventManager->trigger('dispatch', Object(Zend\Mvc\MvcEvent), Object(Closure))
#10 /opt/lampp/htdocs/passionnist/vendor/zendframework/zend-mvc/src/DispatchListener.php(93): Zend\Mvc\Controller\AbstractController->dispatch(Object(Zend\Http\PhpEnvironment\Request), Object(Zend\Http\PhpEnvironment\Response))
#11 [internal function]: Zend\Mvc\DispatchListener->onDispatch(Object(Zend\Mvc\MvcEvent))
#12 /opt/lampp/htdocs/passionnist/vendor/zendframework/zend-eventmanager/src/EventManager.php(444): call_user_func(Array, Object(Zend\Mvc\MvcEvent))
#13 /opt/lampp/htdocs/passionnist/vendor/zendframework/zend-eventmanager/src/EventManager.php(205): Zend\EventManager\EventManager->triggerListeners('dispatch', Object(Zend\Mvc\MvcEvent), Object(Closure))
#14 /opt/lampp/htdocs/passionnist/vendor/zendframework/zend-mvc/src/Application.php(314): Zend\EventManager\EventManager->trigger('dispatch', Object(Zend\Mvc\MvcEvent), Object(Closure))
#15 /opt/lampp/htdocs/passionnist/public/index.php(26): Zend\Mvc\Application->run()
#16 {main}

Next exception 'Zend\Db\Adapter\Exception\InvalidQueryException' with message 'Statement could not be executed (42S02 - 1146 - Table 'passionist-xyq.AccountType' doesn't exist)' in /opt/lampp/htdocs/passionnist/vendor/zendframework/zend-db/src/Adapter/Driver/Pdo/Statement.php:244
Stack trace:
#0 /opt/lampp/htdocs/passionnist/module/Backend/src/Backend/Mapper/AccountTypeMapper.php(43): Zend\Db\Adapter\Driver\Pdo\Statement->execute()
#1 /opt/lampp/htdocs/passionnist/module/Backend/src/Backend/Service/AccountTypeService.php(38): Backend\Mapper\AccountTypeMapper->findAll()
#2 /opt/lampp/htdocs/passionnist/module/Application/src/Application/Form/Factory/ProfessionnalSignUpFormFactory.php(31): Backend\Service\AccountTypeService->findAll()
#3 /opt/lampp/htdocs/passionnist/module/Application/src/Application/Controller/IndexController.php(319): Application\Form\Factory\ProfessionnalSignUpFormFactory->createProfessionalSignUpForm(Array)
#4 /opt/lampp/htdocs/passionnist/vendor/zendframework/zend-mvc/src/Controller/AbstractActionController.php(82): Application\Controller\IndexController->professionalLandingPageAction()
#5 [internal function]: Zend\Mvc\Controller\AbstractActionController->onDispatch(Object(Zend\Mvc\MvcEvent))
#6 /opt/lampp/htdocs/passionnist/vendor/zendframework/zend-eventmanager/src/EventManager.php(444): call_user_func(Array, Object(Zend\Mvc\MvcEvent))
#7 /opt/lampp/htdocs/passionnist/vendor/zendframework/zend-eventmanager/src/EventManager.php(205): Zend\EventManager\EventManager->triggerListeners('dispatch', Object(Zend\Mvc\MvcEvent), Object(Closure))
#8 /opt/lampp/htdocs/passionnist/vendor/zendframework/zend-mvc/src/Controller/AbstractController.php(118): Zend\EventManager\EventManager->trigger('dispatch', Object(Zend\Mvc\MvcEvent), Object(Closure))
#9 /opt/lampp/htdocs/passionnist/vendor/zendframework/zend-mvc/src/DispatchListener.php(93): Zend\Mvc\Controller\AbstractController->dispatch(Object(Zend\Http\PhpEnvironment\Request), Object(Zend\Http\PhpEnvironment\Response))
#10 [internal function]: Zend\Mvc\DispatchListener->onDispatch(Object(Zend\Mvc\MvcEvent))
#11 /opt/lampp/htdocs/passionnist/vendor/zendframework/zend-eventmanager/src/EventManager.php(444): call_user_func(Array, Object(Zend\Mvc\MvcEvent))
#12 /opt/lampp/htdocs/passionnist/vendor/zendframework/zend-eventmanager/src/EventManager.php(205): Zend\EventManager\EventManager->triggerListeners('dispatch', Object(Zend\Mvc\MvcEvent), Object(Closure))
#13 /opt/lampp/htdocs/passionnist/vendor/zendframework/zend-mvc/src/Application.php(314): Zend\EventManager\EventManager->trigger('dispatch', Object(Zend\Mvc\MvcEvent), Object(Closure))
#14 /opt/lampp/htdocs/passionnist/public/index.php(26): Zend\Mvc\Application->run()
#15 {main}

Next exception 'Application\Exception\MapperException' with message 'Erreur lors de la récupération de tous les types de compte' in /opt/lampp/htdocs/passionnist/module/Backend/src/Backend/Mapper/AccountTypeMapper.php:46
Stack trace:
#0 /opt/lampp/htdocs/passionnist/module/Backend/src/Backend/Service/AccountTypeService.php(38): Backend\Mapper\AccountTypeMapper->findAll()
#1 /opt/lampp/htdocs/passionnist/module/Application/src/Application/Form/Factory/ProfessionnalSignUpFormFactory.php(31): Backend\Service\AccountTypeService->findAll()
#2 /opt/lampp/htdocs/passionnist/module/Application/src/Application/Controller/IndexController.php(319): Application\Form\Factory\ProfessionnalSignUpFormFactory->createProfessionalSignUpForm(Array)
#3 /opt/lampp/htdocs/passionnist/vendor/zendframework/zend-mvc/src/Controller/AbstractActionController.php(82): Application\Controller\IndexController->professionalLandingPageAction()
#4 [internal function]: Zend\Mvc\Controller\AbstractActionController->onDispatch(Object(Zend\Mvc\MvcEvent))
#5 /opt/lampp/htdocs/passionnist/vendor/zendframework/zend-eventmanager/src/EventManager.php(444): call_user_func(Array, Object(Zend\Mvc\MvcEvent))
#6 /opt/lampp/htdocs/passionnist/vendor/zendframework/zend-eventmanager/src/EventManager.php(205): Zend\EventManager\EventManager->triggerListeners('dispatch', Object(Zend\Mvc\MvcEvent), Object(Closure))
#7 /opt/lampp/htdocs/passionnist/vendor/zendframework/zend-mvc/src/Controller/AbstractController.php(118): Zend\EventManager\EventManager->trigger('dispatch', Object(Zend\Mvc\MvcEvent), Object(Closure))
#8 /opt/lampp/htdocs/passionnist/vendor/zendframework/zend-mvc/src/DispatchListener.php(93): Zend\Mvc\Controller\AbstractController->dispatch(Object(Zend\Http\PhpEnvironment\Request), Object(Zend\Http\PhpEnvironment\Response))
#9 [internal function]: Zend\Mvc\DispatchListener->onDispatch(Object(Zend\Mvc\MvcEvent))
#10 /opt/lampp/htdocs/passionnist/vendor/zendframework/zend-eventmanager/src/EventManager.php(444): call_user_func(Array, Object(Zend\Mvc\MvcEvent))
#11 /opt/lampp/htdocs/passionnist/vendor/zendframework/zend-eventmanager/src/EventManager.php(205): Zend\EventManager\EventManager->triggerListeners('dispatch', Object(Zend\Mvc\MvcEvent), Object(Closure))
#12 /opt/lampp/htdocs/passionnist/vendor/zendframework/zend-mvc/src/Application.php(314): Zend\EventManager\EventManager->trigger('dispatch', Object(Zend\Mvc\MvcEvent), Object(Closure))
#13 /opt/lampp/htdocs/passionnist/public/index.php(26): Zend\Mvc\Application->run()
#14 {main}
2016-06-26T21:02:13+02:00 ALERT (1): exception 'PDOException' with message 'SQLSTATE[42S02]: Base table or view not found: 1146 Table 'passionist-xyq.AccountType' doesn't exist' in /opt/lampp/htdocs/passionnist/vendor/zendframework/zend-db/src/Adapter/Driver/Pdo/Statement.php:239
Stack trace:
#0 /opt/lampp/htdocs/passionnist/vendor/zendframework/zend-db/src/Adapter/Driver/Pdo/Statement.php(239): PDOStatement->execute()
#1 /opt/lampp/htdocs/passionnist/module/Backend/src/Backend/Mapper/AccountTypeMapper.php(43): Zend\Db\Adapter\Driver\Pdo\Statement->execute()
#2 /opt/lampp/htdocs/passionnist/module/Backend/src/Backend/Service/AccountTypeService.php(39): Backend\Mapper\AccountTypeMapper->findAll()
#3 /opt/lampp/htdocs/passionnist/module/Application/src/Application/Form/Factory/ProfessionnalSignUpFormFactory.php(31): Backend\Service\AccountTypeService->findAll()
#4 /opt/lampp/htdocs/passionnist/module/Application/src/Application/Controller/IndexController.php(319): Application\Form\Factory\ProfessionnalSignUpFormFactory->createProfessionalSignUpForm(Array)
#5 /opt/lampp/htdocs/passionnist/vendor/zendframework/zend-mvc/src/Controller/AbstractActionController.php(82): Application\Controller\IndexController->professionalLandingPageAction()
#6 [internal function]: Zend\Mvc\Controller\AbstractActionController->onDispatch(Object(Zend\Mvc\MvcEvent))
#7 /opt/lampp/htdocs/passionnist/vendor/zendframework/zend-eventmanager/src/EventManager.php(444): call_user_func(Array, Object(Zend\Mvc\MvcEvent))
#8 /opt/lampp/htdocs/passionnist/vendor/zendframework/zend-eventmanager/src/EventManager.php(205): Zend\EventManager\EventManager->triggerListeners('dispatch', Object(Zend\Mvc\MvcEvent), Object(Closure))
#9 /opt/lampp/htdocs/passionnist/vendor/zendframework/zend-mvc/src/Controller/AbstractController.php(118): Zend\EventManager\EventManager->trigger('dispatch', Object(Zend\Mvc\MvcEvent), Object(Closure))
#10 /opt/lampp/htdocs/passionnist/vendor/zendframework/zend-mvc/src/DispatchListener.php(93): Zend\Mvc\Controller\AbstractController->dispatch(Object(Zend\Http\PhpEnvironment\Request), Object(Zend\Http\PhpEnvironment\Response))
#11 [internal function]: Zend\Mvc\DispatchListener->onDispatch(Object(Zend\Mvc\MvcEvent))
#12 /opt/lampp/htdocs/passionnist/vendor/zendframework/zend-eventmanager/src/EventManager.php(444): call_user_func(Array, Object(Zend\Mvc\MvcEvent))
#13 /opt/lampp/htdocs/passionnist/vendor/zendframework/zend-eventmanager/src/EventManager.php(205): Zend\EventManager\EventManager->triggerListeners('dispatch', Object(Zend\Mvc\MvcEvent), Object(Closure))
#14 /opt/lampp/htdocs/passionnist/vendor/zendframework/zend-mvc/src/Application.php(314): Zend\EventManager\EventManager->trigger('dispatch', Object(Zend\Mvc\MvcEvent), Object(Closure))
#15 /opt/lampp/htdocs/passionnist/public/index.php(26): Zend\Mvc\Application->run()
#16 {main}

Next exception 'Zend\Db\Adapter\Exception\InvalidQueryException' with message 'Statement could not be executed (42S02 - 1146 - Table 'passionist-xyq.AccountType' doesn't exist)' in /opt/lampp/htdocs/passionnist/vendor/zendframework/zend-db/src/Adapter/Driver/Pdo/Statement.php:244
Stack trace:
#0 /opt/lampp/htdocs/passionnist/module/Backend/src/Backend/Mapper/AccountTypeMapper.php(43): Zend\Db\Adapter\Driver\Pdo\Statement->execute()
#1 /opt/lampp/htdocs/passionnist/module/Backend/src/Backend/Service/AccountTypeService.php(39): Backend\Mapper\AccountTypeMapper->findAll()
#2 /opt/lampp/htdocs/passionnist/module/Application/src/Application/Form/Factory/ProfessionnalSignUpFormFactory.php(31): Backend\Service\AccountTypeService->findAll()
#3 /opt/lampp/htdocs/passionnist/module/Application/src/Application/Controller/IndexController.php(319): Application\Form\Factory\ProfessionnalSignUpFormFactory->createProfessionalSignUpForm(Array)
#4 /opt/lampp/htdocs/passionnist/vendor/zendframework/zend-mvc/src/Controller/AbstractActionController.php(82): Application\Controller\IndexController->professionalLandingPageAction()
#5 [internal function]: Zend\Mvc\Controller\AbstractActionController->onDispatch(Object(Zend\Mvc\MvcEvent))
#6 /opt/lampp/htdocs/passionnist/vendor/zendframework/zend-eventmanager/src/EventManager.php(444): call_user_func(Array, Object(Zend\Mvc\MvcEvent))
#7 /opt/lampp/htdocs/passionnist/vendor/zendframework/zend-eventmanager/src/EventManager.php(205): Zend\EventManager\EventManager->triggerListeners('dispatch', Object(Zend\Mvc\MvcEvent), Object(Closure))
#8 /opt/lampp/htdocs/passionnist/vendor/zendframework/zend-mvc/src/Controller/AbstractController.php(118): Zend\EventManager\EventManager->trigger('dispatch', Object(Zend\Mvc\MvcEvent), Object(Closure))
#9 /opt/lampp/htdocs/passionnist/vendor/zendframework/zend-mvc/src/DispatchListener.php(93): Zend\Mvc\Controller\AbstractController->dispatch(Object(Zend\Http\PhpEnvironment\Request), Object(Zend\Http\PhpEnvironment\Response))
#10 [internal function]: Zend\Mvc\DispatchListener->onDispatch(Object(Zend\Mvc\MvcEvent))
#11 /opt/lampp/htdocs/passionnist/vendor/zendframework/zend-eventmanager/src/EventManager.php(444): call_user_func(Array, Object(Zend\Mvc\MvcEvent))
#12 /opt/lampp/htdocs/passionnist/vendor/zendframework/zend-eventmanager/src/EventManager.php(205): Zend\EventManager\EventManager->triggerListeners('dispatch', Object(Zend\Mvc\MvcEvent), Object(Closure))
#13 /opt/lampp/htdocs/passionnist/vendor/zendframework/zend-mvc/src/Application.php(314): Zend\EventManager\EventManager->trigger('dispatch', Object(Zend\Mvc\MvcEvent), Object(Closure))
#14 /opt/lampp/htdocs/passionnist/public/index.php(26): Zend\Mvc\Application->run()
#15 {main}

Next exception 'Application\Exception\MapperException' with message 'Erreur lors de la récupération de tous les types de compte' in /opt/lampp/htdocs/passionnist/module/Backend/src/Backend/Mapper/AccountTypeMapper.php:46
Stack trace:
#0 /opt/lampp/htdocs/passionnist/module/Backend/src/Backend/Service/AccountTypeService.php(39): Backend\Mapper\AccountTypeMapper->findAll()
#1 /opt/lampp/htdocs/passionnist/module/Application/src/Application/Form/Factory/ProfessionnalSignUpFormFactory.php(31): Backend\Service\AccountTypeService->findAll()
#2 /opt/lampp/htdocs/passionnist/module/Application/src/Application/Controller/IndexController.php(319): Application\Form\Factory\ProfessionnalSignUpFormFactory->createProfessionalSignUpForm(Array)
#3 /opt/lampp/htdocs/passionnist/vendor/zendframework/zend-mvc/src/Controller/AbstractActionController.php(82): Application\Controller\IndexController->professionalLandingPageAction()
#4 [internal function]: Zend\Mvc\Controller\AbstractActionController->onDispatch(Object(Zend\Mvc\MvcEvent))
#5 /opt/lampp/htdocs/passionnist/vendor/zendframework/zend-eventmanager/src/EventManager.php(444): call_user_func(Array, Object(Zend\Mvc\MvcEvent))
#6 /opt/lampp/htdocs/passionnist/vendor/zendframework/zend-eventmanager/src/EventManager.php(205): Zend\EventManager\EventManager->triggerListeners('dispatch', Object(Zend\Mvc\MvcEvent), Object(Closure))
#7 /opt/lampp/htdocs/passionnist/vendor/zendframework/zend-mvc/src/Controller/AbstractController.php(118): Zend\EventManager\EventManager->trigger('dispatch', Object(Zend\Mvc\MvcEvent), Object(Closure))
#8 /opt/lampp/htdocs/passionnist/vendor/zendframework/zend-mvc/src/DispatchListener.php(93): Zend\Mvc\Controller\AbstractController->dispatch(Object(Zend\Http\PhpEnvironment\Request), Object(Zend\Http\PhpEnvironment\Response))
#9 [internal function]: Zend\Mvc\DispatchListener->onDispatch(Object(Zend\Mvc\MvcEvent))
#10 /opt/lampp/htdocs/passionnist/vendor/zendframework/zend-eventmanager/src/EventManager.php(444): call_user_func(Array, Object(Zend\Mvc\MvcEvent))
#11 /opt/lampp/htdocs/passionnist/vendor/zendframework/zend-eventmanager/src/EventManager.php(205): Zend\EventManager\EventManager->triggerListeners('dispatch', Object(Zend\Mvc\MvcEvent), Object(Closure))
#12 /opt/lampp/htdocs/passionnist/vendor/zendframework/zend-mvc/src/Application.php(314): Zend\EventManager\EventManager->trigger('dispatch', Object(Zend\Mvc\MvcEvent), Object(Closure))
#13 /opt/lampp/htdocs/passionnist/public/index.php(26): Zend\Mvc\Application->run()
#14 {main}
2016-06-26T21:04:59+02:00 ALERT (1): exception 'PDOException' with message 'SQLSTATE[42S02]: Base table or view not found: 1146 Table 'passionist-xyq.Referral' doesn't exist' in /opt/lampp/htdocs/passionnist/vendor/zendframework/zend-db/src/Adapter/Driver/Pdo/Statement.php:239
Stack trace:
#0 /opt/lampp/htdocs/passionnist/vendor/zendframework/zend-db/src/Adapter/Driver/Pdo/Statement.php(239): PDOStatement->execute()
#1 /opt/lampp/htdocs/passionnist/module/Backend/src/Backend/Mapper/ReferralMapper.php(42): Zend\Db\Adapter\Driver\Pdo\Statement->execute()
#2 /opt/lampp/htdocs/passionnist/module/Backend/src/Backend/Service/ReferralService.php(37): Backend\Mapper\ReferralMapper->findAll()
#3 /opt/lampp/htdocs/passionnist/module/Application/src/Application/Form/Factory/ProfessionnalSignUpFormFactory.php(34): Backend\Service\ReferralService->findAll()
#4 /opt/lampp/htdocs/passionnist/module/Application/src/Application/Controller/IndexController.php(319): Application\Form\Factory\ProfessionnalSignUpFormFactory->createProfessionalSignUpForm(Array)
#5 /opt/lampp/htdocs/passionnist/vendor/zendframework/zend-mvc/src/Controller/AbstractActionController.php(82): Application\Controller\IndexController->professionalLandingPageAction()
#6 [internal function]: Zend\Mvc\Controller\AbstractActionController->onDispatch(Object(Zend\Mvc\MvcEvent))
#7 /opt/lampp/htdocs/passionnist/vendor/zendframework/zend-eventmanager/src/EventManager.php(444): call_user_func(Array, Object(Zend\Mvc\MvcEvent))
#8 /opt/lampp/htdocs/passionnist/vendor/zendframework/zend-eventmanager/src/EventManager.php(205): Zend\EventManager\EventManager->triggerListeners('dispatch', Object(Zend\Mvc\MvcEvent), Object(Closure))
#9 /opt/lampp/htdocs/passionnist/vendor/zendframework/zend-mvc/src/Controller/AbstractController.php(118): Zend\EventManager\EventManager->trigger('dispatch', Object(Zend\Mvc\MvcEvent), Object(Closure))
#10 /opt/lampp/htdocs/passionnist/vendor/zendframework/zend-mvc/src/DispatchListener.php(93): Zend\Mvc\Controller\AbstractController->dispatch(Object(Zend\Http\PhpEnvironment\Request), Object(Zend\Http\PhpEnvironment\Response))
#11 [internal function]: Zend\Mvc\DispatchListener->onDispatch(Object(Zend\Mvc\MvcEvent))
#12 /opt/lampp/htdocs/passionnist/vendor/zendframework/zend-eventmanager/src/EventManager.php(444): call_user_func(Array, Object(Zend\Mvc\MvcEvent))
#13 /opt/lampp/htdocs/passionnist/vendor/zendframework/zend-eventmanager/src/EventManager.php(205): Zend\EventManager\EventManager->triggerListeners('dispatch', Object(Zend\Mvc\MvcEvent), Object(Closure))
#14 /opt/lampp/htdocs/passionnist/vendor/zendframework/zend-mvc/src/Application.php(314): Zend\EventManager\EventManager->trigger('dispatch', Object(Zend\Mvc\MvcEvent), Object(Closure))
#15 /opt/lampp/htdocs/passionnist/public/index.php(26): Zend\Mvc\Application->run()
#16 {main}

Next exception 'Zend\Db\Adapter\Exception\InvalidQueryException' with message 'Statement could not be executed (42S02 - 1146 - Table 'passionist-xyq.Referral' doesn't exist)' in /opt/lampp/htdocs/passionnist/vendor/zendframework/zend-db/src/Adapter/Driver/Pdo/Statement.php:244
Stack trace:
#0 /opt/lampp/htdocs/passionnist/module/Backend/src/Backend/Mapper/ReferralMapper.php(42): Zend\Db\Adapter\Driver\Pdo\Statement->execute()
#1 /opt/lampp/htdocs/passionnist/module/Backend/src/Backend/Service/ReferralService.php(37): Backend\Mapper\ReferralMapper->findAll()
#2 /opt/lampp/htdocs/passionnist/module/Application/src/Application/Form/Factory/ProfessionnalSignUpFormFactory.php(34): Backend\Service\ReferralService->findAll()
#3 /opt/lampp/htdocs/passionnist/module/Application/src/Application/Controller/IndexController.php(319): Application\Form\Factory\ProfessionnalSignUpFormFactory->createProfessionalSignUpForm(Array)
#4 /opt/lampp/htdocs/passionnist/vendor/zendframework/zend-mvc/src/Controller/AbstractActionController.php(82): Application\Controller\IndexController->professionalLandingPageAction()
#5 [internal function]: Zend\Mvc\Controller\AbstractActionController->onDispatch(Object(Zend\Mvc\MvcEvent))
#6 /opt/lampp/htdocs/passionnist/vendor/zendframework/zend-eventmanager/src/EventManager.php(444): call_user_func(Array, Object(Zend\Mvc\MvcEvent))
#7 /opt/lampp/htdocs/passionnist/vendor/zendframework/zend-eventmanager/src/EventManager.php(205): Zend\EventManager\EventManager->triggerListeners('dispatch', Object(Zend\Mvc\MvcEvent), Object(Closure))
#8 /opt/lampp/htdocs/passionnist/vendor/zendframework/zend-mvc/src/Controller/AbstractController.php(118): Zend\EventManager\EventManager->trigger('dispatch', Object(Zend\Mvc\MvcEvent), Object(Closure))
#9 /opt/lampp/htdocs/passionnist/vendor/zendframework/zend-mvc/src/DispatchListener.php(93): Zend\Mvc\Controller\AbstractController->dispatch(Object(Zend\Http\PhpEnvironment\Request), Object(Zend\Http\PhpEnvironment\Response))
#10 [internal function]: Zend\Mvc\DispatchListener->onDispatch(Object(Zend\Mvc\MvcEvent))
#11 /opt/lampp/htdocs/passionnist/vendor/zendframework/zend-eventmanager/src/EventManager.php(444): call_user_func(Array, Object(Zend\Mvc\MvcEvent))
#12 /opt/lampp/htdocs/passionnist/vendor/zendframework/zend-eventmanager/src/EventManager.php(205): Zend\EventManager\EventManager->triggerListeners('dispatch', Object(Zend\Mvc\MvcEvent), Object(Closure))
#13 /opt/lampp/htdocs/passionnist/vendor/zendframework/zend-mvc/src/Application.php(314): Zend\EventManager\EventManager->trigger('dispatch', Object(Zend\Mvc\MvcEvent), Object(Closure))
#14 /opt/lampp/htdocs/passionnist/public/index.php(26): Zend\Mvc\Application->run()
#15 {main}

Next exception 'Application\Exception\MapperException' with message 'Erreur lors de la récupération de tous les referral' in /opt/lampp/htdocs/passionnist/module/Backend/src/Backend/Mapper/ReferralMapper.php:45
Stack trace:
#0 /opt/lampp/htdocs/passionnist/module/Backend/src/Backend/Service/ReferralService.php(37): Backend\Mapper\ReferralMapper->findAll()
#1 /opt/lampp/htdocs/passionnist/module/Application/src/Application/Form/Factory/ProfessionnalSignUpFormFactory.php(34): Backend\Service\ReferralService->findAll()
#2 /opt/lampp/htdocs/passionnist/module/Application/src/Application/Controller/IndexController.php(319): Application\Form\Factory\ProfessionnalSignUpFormFactory->createProfessionalSignUpForm(Array)
#3 /opt/lampp/htdocs/passionnist/vendor/zendframework/zend-mvc/src/Controller/AbstractActionController.php(82): Application\Controller\IndexController->professionalLandingPageAction()
#4 [internal function]: Zend\Mvc\Controller\AbstractActionController->onDispatch(Object(Zend\Mvc\MvcEvent))
#5 /opt/lampp/htdocs/passionnist/vendor/zendframework/zend-eventmanager/src/EventManager.php(444): call_user_func(Array, Object(Zend\Mvc\MvcEvent))
#6 /opt/lampp/htdocs/passionnist/vendor/zendframework/zend-eventmanager/src/EventManager.php(205): Zend\EventManager\EventManager->triggerListeners('dispatch', Object(Zend\Mvc\MvcEvent), Object(Closure))
#7 /opt/lampp/htdocs/passionnist/vendor/zendframework/zend-mvc/src/Controller/AbstractController.php(118): Zend\EventManager\EventManager->trigger('dispatch', Object(Zend\Mvc\MvcEvent), Object(Closure))
#8 /opt/lampp/htdocs/passionnist/vendor/zendframework/zend-mvc/src/DispatchListener.php(93): Zend\Mvc\Controller\AbstractController->dispatch(Object(Zend\Http\PhpEnvironment\Request), Object(Zend\Http\PhpEnvironment\Response))
#9 [internal function]: Zend\Mvc\DispatchListener->onDispatch(Object(Zend\Mvc\MvcEvent))
#10 /opt/lampp/htdocs/passionnist/vendor/zendframework/zend-eventmanager/src/EventManager.php(444): call_user_func(Array, Object(Zend\Mvc\MvcEvent))
#11 /opt/lampp/htdocs/passionnist/vendor/zendframework/zend-eventmanager/src/EventManager.php(205): Zend\EventManager\EventManager->triggerListeners('dispatch', Object(Zend\Mvc\MvcEvent), Object(Closure))
#12 /opt/lampp/htdocs/passionnist/vendor/zendframework/zend-mvc/src/Application.php(314): Zend\EventManager\EventManager->trigger('dispatch', Object(Zend\Mvc\MvcEvent), Object(Closure))
#13 /opt/lampp/htdocs/passionnist/public/index.php(26): Zend\Mvc\Application->run()
#14 {main}
2016-06-26T21:43:45+02:00 ALERT (1): exception 'PDOException' with message 'SQLSTATE[42S02]: Base table or view not found: 1146 Table 'passionist-xyq.AccountType' doesn't exist' in /opt/lampp/htdocs/passionnist/vendor/zendframework/zend-db/src/Adapter/Driver/Pdo/Statement.php:239
Stack trace:
#0 /opt/lampp/htdocs/passionnist/vendor/zendframework/zend-db/src/Adapter/Driver/Pdo/Statement.php(239): PDOStatement->execute()
#1 /opt/lampp/htdocs/passionnist/module/Backend/src/Backend/Mapper/AccountTypeMapper.php(43): Zend\Db\Adapter\Driver\Pdo\Statement->execute()
#2 /opt/lampp/htdocs/passionnist/module/Backend/src/Backend/Service/AccountTypeService.php(39): Backend\Mapper\AccountTypeMapper->findAll()
#3 /opt/lampp/htdocs/passionnist/module/Application/src/Application/Form/Factory/ProfessionnalSignUpFormFactory.php(31): Backend\Service\AccountTypeService->findAll()
#4 /opt/lampp/htdocs/passionnist/module/Application/src/Application/Controller/IndexController.php(319): Application\Form\Factory\ProfessionnalSignUpFormFactory->createProfessionalSignUpForm(Array)
#5 /opt/lampp/htdocs/passionnist/vendor/zendframework/zend-mvc/src/Controller/AbstractActionController.php(82): Application\Controller\IndexController->professionalLandingPageAction()
#6 [internal function]: Zend\Mvc\Controller\AbstractActionController->onDispatch(Object(Zend\Mvc\MvcEvent))
#7 /opt/lampp/htdocs/passionnist/vendor/zendframework/zend-eventmanager/src/EventManager.php(444): call_user_func(Array, Object(Zend\Mvc\MvcEvent))
#8 /opt/lampp/htdocs/passionnist/vendor/zendframework/zend-eventmanager/src/EventManager.php(205): Zend\EventManager\EventManager->triggerListeners('dispatch', Object(Zend\Mvc\MvcEvent), Object(Closure))
#9 /opt/lampp/htdocs/passionnist/vendor/zendframework/zend-mvc/src/Controller/AbstractController.php(118): Zend\EventManager\EventManager->trigger('dispatch', Object(Zend\Mvc\MvcEvent), Object(Closure))
#10 /opt/lampp/htdocs/passionnist/vendor/zendframework/zend-mvc/src/DispatchListener.php(93): Zend\Mvc\Controller\AbstractController->dispatch(Object(Zend\Http\PhpEnvironment\Request), Object(Zend\Http\PhpEnvironment\Response))
#11 [internal function]: Zend\Mvc\DispatchListener->onDispatch(Object(Zend\Mvc\MvcEvent))
#12 /opt/lampp/htdocs/passionnist/vendor/zendframework/zend-eventmanager/src/EventManager.php(444): call_user_func(Array, Object(Zend\Mvc\MvcEvent))
#13 /opt/lampp/htdocs/passionnist/vendor/zendframework/zend-eventmanager/src/EventManager.php(205): Zend\EventManager\EventManager->triggerListeners('dispatch', Object(Zend\Mvc\MvcEvent), Object(Closure))
#14 /opt/lampp/htdocs/passionnist/vendor/zendframework/zend-mvc/src/Application.php(314): Zend\EventManager\EventManager->trigger('dispatch', Object(Zend\Mvc\MvcEvent), Object(Closure))
#15 /opt/lampp/htdocs/passionnist/public/index.php(26): Zend\Mvc\Application->run()
#16 {main}

Next exception 'Zend\Db\Adapter\Exception\InvalidQueryException' with message 'Statement could not be executed (42S02 - 1146 - Table 'passionist-xyq.AccountType' doesn't exist)' in /opt/lampp/htdocs/passionnist/vendor/zendframework/zend-db/src/Adapter/Driver/Pdo/Statement.php:244
Stack trace:
#0 /opt/lampp/htdocs/passionnist/module/Backend/src/Backend/Mapper/AccountTypeMapper.php(43): Zend\Db\Adapter\Driver\Pdo\Statement->execute()
#1 /opt/lampp/htdocs/passionnist/module/Backend/src/Backend/Service/AccountTypeService.php(39): Backend\Mapper\AccountTypeMapper->findAll()
#2 /opt/lampp/htdocs/passionnist/module/Application/src/Application/Form/Factory/ProfessionnalSignUpFormFactory.php(31): Backend\Service\AccountTypeService->findAll()
#3 /opt/lampp/htdocs/passionnist/module/Application/src/Application/Controller/IndexController.php(319): Application\Form\Factory\ProfessionnalSignUpFormFactory->createProfessionalSignUpForm(Array)
#4 /opt/lampp/htdocs/passionnist/vendor/zendframework/zend-mvc/src/Controller/AbstractActionController.php(82): Application\Controller\IndexController->professionalLandingPageAction()
#5 [internal function]: Zend\Mvc\Controller\AbstractActionController->onDispatch(Object(Zend\Mvc\MvcEvent))
#6 /opt/lampp/htdocs/passionnist/vendor/zendframework/zend-eventmanager/src/EventManager.php(444): call_user_func(Array, Object(Zend\Mvc\MvcEvent))
#7 /opt/lampp/htdocs/passionnist/vendor/zendframework/zend-eventmanager/src/EventManager.php(205): Zend\EventManager\EventManager->triggerListeners('dispatch', Object(Zend\Mvc\MvcEvent), Object(Closure))
#8 /opt/lampp/htdocs/passionnist/vendor/zendframework/zend-mvc/src/Controller/AbstractController.php(118): Zend\EventManager\EventManager->trigger('dispatch', Object(Zend\Mvc\MvcEvent), Object(Closure))
#9 /opt/lampp/htdocs/passionnist/vendor/zendframework/zend-mvc/src/DispatchListener.php(93): Zend\Mvc\Controller\AbstractController->dispatch(Object(Zend\Http\PhpEnvironment\Request), Object(Zend\Http\PhpEnvironment\Response))
#10 [internal function]: Zend\Mvc\DispatchListener->onDispatch(Object(Zend\Mvc\MvcEvent))
#11 /opt/lampp/htdocs/passionnist/vendor/zendframework/zend-eventmanager/src/EventManager.php(444): call_user_func(Array, Object(Zend\Mvc\MvcEvent))
#12 /opt/lampp/htdocs/passionnist/vendor/zendframework/zend-eventmanager/src/EventManager.php(205): Zend\EventManager\EventManager->triggerListeners('dispatch', Object(Zend\Mvc\MvcEvent), Object(Closure))
#13 /opt/lampp/htdocs/passionnist/vendor/zendframework/zend-mvc/src/Application.php(314): Zend\EventManager\EventManager->trigger('dispatch', Object(Zend\Mvc\MvcEvent), Object(Closure))
#14 /opt/lampp/htdocs/passionnist/public/index.php(26): Zend\Mvc\Application->run()
#15 {main}

Next exception 'Application\Exception\MapperException' with message 'Erreur lors de la récupération de tous les types de compte' in /opt/lampp/htdocs/passionnist/module/Backend/src/Backend/Mapper/AccountTypeMapper.php:46
Stack trace:
#0 /opt/lampp/htdocs/passionnist/module/Backend/src/Backend/Service/AccountTypeService.php(39): Backend\Mapper\AccountTypeMapper->findAll()
#1 /opt/lampp/htdocs/passionnist/module/Application/src/Application/Form/Factory/ProfessionnalSignUpFormFactory.php(31): Backend\Service\AccountTypeService->findAll()
#2 /opt/lampp/htdocs/passionnist/module/Application/src/Application/Controller/IndexController.php(319): Application\Form\Factory\ProfessionnalSignUpFormFactory->createProfessionalSignUpForm(Array)
#3 /opt/lampp/htdocs/passionnist/vendor/zendframework/zend-mvc/src/Controller/AbstractActionController.php(82): Application\Controller\IndexController->professionalLandingPageAction()
#4 [internal function]: Zend\Mvc\Controller\AbstractActionController->onDispatch(Object(Zend\Mvc\MvcEvent))
#5 /opt/lampp/htdocs/passionnist/vendor/zendframework/zend-eventmanager/src/EventManager.php(444): call_user_func(Array, Object(Zend\Mvc\MvcEvent))
#6 /opt/lampp/htdocs/passionnist/vendor/zendframework/zend-eventmanager/src/EventManager.php(205): Zend\EventManager\EventManager->triggerListeners('dispatch', Object(Zend\Mvc\MvcEvent), Object(Closure))
#7 /opt/lampp/htdocs/passionnist/vendor/zendframework/zend-mvc/src/Controller/AbstractController.php(118): Zend\EventManager\EventManager->trigger('dispatch', Object(Zend\Mvc\MvcEvent), Object(Closure))
#8 /opt/lampp/htdocs/passionnist/vendor/zendframework/zend-mvc/src/DispatchListener.php(93): Zend\Mvc\Controller\AbstractController->dispatch(Object(Zend\Http\PhpEnvironment\Request), Object(Zend\Http\PhpEnvironment\Response))
#9 [internal function]: Zend\Mvc\DispatchListener->onDispatch(Object(Zend\Mvc\MvcEvent))
#10 /opt/lampp/htdocs/passionnist/vendor/zendframework/zend-eventmanager/src/EventManager.php(444): call_user_func(Array, Object(Zend\Mvc\MvcEvent))
#11 /opt/lampp/htdocs/passionnist/vendor/zendframework/zend-eventmanager/src/EventManager.php(205): Zend\EventManager\EventManager->triggerListeners('dispatch', Object(Zend\Mvc\MvcEvent), Object(Closure))
#12 /opt/lampp/htdocs/passionnist/vendor/zendframework/zend-mvc/src/Application.php(314): Zend\EventManager\EventManager->trigger('dispatch', Object(Zend\Mvc\MvcEvent), Object(Closure))
#13 /opt/lampp/htdocs/passionnist/public/index.php(26): Zend\Mvc\Application->run()
#14 {main}
2016-06-26T21:43:53+02:00 ALERT (1): exception 'PDOException' with message 'SQLSTATE[42S02]: Base table or view not found: 1146 Table 'passionist-xyq.AccountType' doesn't exist' in /opt/lampp/htdocs/passionnist/vendor/zendframework/zend-db/src/Adapter/Driver/Pdo/Statement.php:239
Stack trace:
#0 /opt/lampp/htdocs/passionnist/vendor/zendframework/zend-db/src/Adapter/Driver/Pdo/Statement.php(239): PDOStatement->execute()
#1 /opt/lampp/htdocs/passionnist/module/Backend/src/Backend/Mapper/AccountTypeMapper.php(43): Zend\Db\Adapter\Driver\Pdo\Statement->execute()
#2 /opt/lampp/htdocs/passionnist/module/Backend/src/Backend/Service/AccountTypeService.php(39): Backend\Mapper\AccountTypeMapper->findAll()
#3 /opt/lampp/htdocs/passionnist/module/Application/src/Application/Form/Factory/ProfessionnalSignUpFormFactory.php(31): Backend\Service\AccountTypeService->findAll()
#4 /opt/lampp/htdocs/passionnist/module/Application/src/Application/Controller/IndexController.php(319): Application\Form\Factory\ProfessionnalSignUpFormFactory->createProfessionalSignUpForm(Array)
#5 /opt/lampp/htdocs/passionnist/vendor/zendframework/zend-mvc/src/Controller/AbstractActionController.php(82): Application\Controller\IndexController->professionalLandingPageAction()
#6 [internal function]: Zend\Mvc\Controller\AbstractActionController->onDispatch(Object(Zend\Mvc\MvcEvent))
#7 /opt/lampp/htdocs/passionnist/vendor/zendframework/zend-eventmanager/src/EventManager.php(444): call_user_func(Array, Object(Zend\Mvc\MvcEvent))
#8 /opt/lampp/htdocs/passionnist/vendor/zendframework/zend-eventmanager/src/EventManager.php(205): Zend\EventManager\EventManager->triggerListeners('dispatch', Object(Zend\Mvc\MvcEvent), Object(Closure))
#9 /opt/lampp/htdocs/passionnist/vendor/zendframework/zend-mvc/src/Controller/AbstractController.php(118): Zend\EventManager\EventManager->trigger('dispatch', Object(Zend\Mvc\MvcEvent), Object(Closure))
#10 /opt/lampp/htdocs/passionnist/vendor/zendframework/zend-mvc/src/DispatchListener.php(93): Zend\Mvc\Controller\AbstractController->dispatch(Object(Zend\Http\PhpEnvironment\Request), Object(Zend\Http\PhpEnvironment\Response))
#11 [internal function]: Zend\Mvc\DispatchListener->onDispatch(Object(Zend\Mvc\MvcEvent))
#12 /opt/lampp/htdocs/passionnist/vendor/zendframework/zend-eventmanager/src/EventManager.php(444): call_user_func(Array, Object(Zend\Mvc\MvcEvent))
#13 /opt/lampp/htdocs/passionnist/vendor/zendframework/zend-eventmanager/src/EventManager.php(205): Zend\EventManager\EventManager->triggerListeners('dispatch', Object(Zend\Mvc\MvcEvent), Object(Closure))
#14 /opt/lampp/htdocs/passionnist/vendor/zendframework/zend-mvc/src/Application.php(314): Zend\EventManager\EventManager->trigger('dispatch', Object(Zend\Mvc\MvcEvent), Object(Closure))
#15 /opt/lampp/htdocs/passionnist/public/index.php(26): Zend\Mvc\Application->run()
#16 {main}

Next exception 'Zend\Db\Adapter\Exception\InvalidQueryException' with message 'Statement could not be executed (42S02 - 1146 - Table 'passionist-xyq.AccountType' doesn't exist)' in /opt/lampp/htdocs/passionnist/vendor/zendframework/zend-db/src/Adapter/Driver/Pdo/Statement.php:244
Stack trace:
#0 /opt/lampp/htdocs/passionnist/module/Backend/src/Backend/Mapper/AccountTypeMapper.php(43): Zend\Db\Adapter\Driver\Pdo\Statement->execute()
#1 /opt/lampp/htdocs/passionnist/module/Backend/src/Backend/Service/AccountTypeService.php(39): Backend\Mapper\AccountTypeMapper->findAll()
#2 /opt/lampp/htdocs/passionnist/module/Application/src/Application/Form/Factory/ProfessionnalSignUpFormFactory.php(31): Backend\Service\AccountTypeService->findAll()
#3 /opt/lampp/htdocs/passionnist/module/Application/src/Application/Controller/IndexController.php(319): Application\Form\Factory\ProfessionnalSignUpFormFactory->createProfessionalSignUpForm(Array)
#4 /opt/lampp/htdocs/passionnist/vendor/zendframework/zend-mvc/src/Controller/AbstractActionController.php(82): Application\Controller\IndexController->professionalLandingPageAction()
#5 [internal function]: Zend\Mvc\Controller\AbstractActionController->onDispatch(Object(Zend\Mvc\MvcEvent))
#6 /opt/lampp/htdocs/passionnist/vendor/zendframework/zend-eventmanager/src/EventManager.php(444): call_user_func(Array, Object(Zend\Mvc\MvcEvent))
#7 /opt/lampp/htdocs/passionnist/vendor/zendframework/zend-eventmanager/src/EventManager.php(205): Zend\EventManager\EventManager->triggerListeners('dispatch', Object(Zend\Mvc\MvcEvent), Object(Closure))
#8 /opt/lampp/htdocs/passionnist/vendor/zendframework/zend-mvc/src/Controller/AbstractController.php(118): Zend\EventManager\EventManager->trigger('dispatch', Object(Zend\Mvc\MvcEvent), Object(Closure))
#9 /opt/lampp/htdocs/passionnist/vendor/zendframework/zend-mvc/src/DispatchListener.php(93): Zend\Mvc\Controller\AbstractController->dispatch(Object(Zend\Http\PhpEnvironment\Request), Object(Zend\Http\PhpEnvironment\Response))
#10 [internal function]: Zend\Mvc\DispatchListener->onDispatch(Object(Zend\Mvc\MvcEvent))
#11 /opt/lampp/htdocs/passionnist/vendor/zendframework/zend-eventmanager/src/EventManager.php(444): call_user_func(Array, Object(Zend\Mvc\MvcEvent))
#12 /opt/lampp/htdocs/passionnist/vendor/zendframework/zend-eventmanager/src/EventManager.php(205): Zend\EventManager\EventManager->triggerListeners('dispatch', Object(Zend\Mvc\MvcEvent), Object(Closure))
#13 /opt/lampp/htdocs/passionnist/vendor/zendframework/zend-mvc/src/Application.php(314): Zend\EventManager\EventManager->trigger('dispatch', Object(Zend\Mvc\MvcEvent), Object(Closure))
#14 /opt/lampp/htdocs/passionnist/public/index.php(26): Zend\Mvc\Application->run()
#15 {main}

Next exception 'Application\Exception\MapperException' with message 'Erreur lors de la récupération de tous les types de compte' in /opt/lampp/htdocs/passionnist/module/Backend/src/Backend/Mapper/AccountTypeMapper.php:46
Stack trace:
#0 /opt/lampp/htdocs/passionnist/module/Backend/src/Backend/Service/AccountTypeService.php(39): Backend\Mapper\AccountTypeMapper->findAll()
#1 /opt/lampp/htdocs/passionnist/module/Application/src/Application/Form/Factory/ProfessionnalSignUpFormFactory.php(31): Backend\Service\AccountTypeService->findAll()
#2 /opt/lampp/htdocs/passionnist/module/Application/src/Application/Controller/IndexController.php(319): Application\Form\Factory\ProfessionnalSignUpFormFactory->createProfessionalSignUpForm(Array)
#3 /opt/lampp/htdocs/passionnist/vendor/zendframework/zend-mvc/src/Controller/AbstractActionController.php(82): Application\Controller\IndexController->professionalLandingPageAction()
#4 [internal function]: Zend\Mvc\Controller\AbstractActionController->onDispatch(Object(Zend\Mvc\MvcEvent))
#5 /opt/lampp/htdocs/passionnist/vendor/zendframework/zend-eventmanager/src/EventManager.php(444): call_user_func(Array, Object(Zend\Mvc\MvcEvent))
#6 /opt/lampp/htdocs/passionnist/vendor/zendframework/zend-eventmanager/src/EventManager.php(205): Zend\EventManager\EventManager->triggerListeners('dispatch', Object(Zend\Mvc\MvcEvent), Object(Closure))
#7 /opt/lampp/htdocs/passionnist/vendor/zendframework/zend-mvc/src/Controller/AbstractController.php(118): Zend\EventManager\EventManager->trigger('dispatch', Object(Zend\Mvc\MvcEvent), Object(Closure))
#8 /opt/lampp/htdocs/passionnist/vendor/zendframework/zend-mvc/src/DispatchListener.php(93): Zend\Mvc\Controller\AbstractController->dispatch(Object(Zend\Http\PhpEnvironment\Request), Object(Zend\Http\PhpEnvironment\Response))
#9 [internal function]: Zend\Mvc\DispatchListener->onDispatch(Object(Zend\Mvc\MvcEvent))
#10 /opt/lampp/htdocs/passionnist/vendor/zendframework/zend-eventmanager/src/EventManager.php(444): call_user_func(Array, Object(Zend\Mvc\MvcEvent))
#11 /opt/lampp/htdocs/passionnist/vendor/zendframework/zend-eventmanager/src/EventManager.php(205): Zend\EventManager\EventManager->triggerListeners('dispatch', Object(Zend\Mvc\MvcEvent), Object(Closure))
#12 /opt/lampp/htdocs/passionnist/vendor/zendframework/zend-mvc/src/Application.php(314): Zend\EventManager\EventManager->trigger('dispatch', Object(Zend\Mvc\MvcEvent), Object(Closure))
#13 /opt/lampp/htdocs/passionnist/public/index.php(26): Zend\Mvc\Application->run()
#14 {main}
